# JRE version: OpenJDK Runtime Environment (8.0_152-b02) (build 1.8.0_152-release-1024-b02)
# Java VM: OpenJDK 64-Bit Server VM (25.152-b02 mixed mode windows-amd64 compressed oops)
Heap:
 PSYoungGen      total 436736K, used 272541K [0x00000000e0000000, 0x00000000ff580000, 0x0000000100000000)
  eden space 375296K, 72% used [0x00000000e0000000,0x00000000f0a27608,0x00000000f6e80000)
  from space 61440K, 0% used [0x00000000fb980000,0x00000000fb980000,0x00000000ff580000)
  to   space 69120K, 0% used [0x00000000f6e80000,0x00000000f6e80000,0x00000000fb200000)
 ParOldGen       total 221184K, used 86461K [0x00000000a0000000, 0x00000000ad800000, 0x00000000e0000000)
  object space 221184K, 39% used [0x00000000a0000000,0x00000000a546f428,0x00000000ad800000)
 Metaspace       used 85087K, capacity 89834K, committed 92544K, reserved 1130496K
  class space    used 10513K, capacity 11456K, committed 11904K, reserved 1048576K
GC Heap History (10 events):
Event: 1201.281 GC heap before
{Heap before GC invocations=47 (full 4):
 PSYoungGen      total 358912K, used 340152K [0x00000000e0000000, 0x00000000f9a80000, 0x0000000100000000)
  eden space 328192K, 100% used [0x00000000e0000000,0x00000000f4080000,0x00000000f4080000)
  from space 30720K, 38% used [0x00000000f7c80000,0x00000000f882e130,0x00000000f9a80000)
  to   space 46080K, 0% used [0x00000000f4080000,0x00000000f4080000,0x00000000f6d80000)
 ParOldGen       total 218112K, used 151742K [0x00000000a0000000, 0x00000000ad500000, 0x00000000e0000000)
  object space 218112K, 69% used [0x00000000a0000000,0x00000000a942f850,0x00000000ad500000)
 Metaspace       used 87011K, capacity 92024K, committed 92160K, reserved 1130496K
  class space    used 10724K, capacity 11768K, committed 11776K, reserved 1048576K
Event: 1201.309 GC heap after
Heap after GC invocations=47 (full 4):
 PSYoungGen      total 374272K, used 41782K [0x00000000e0000000, 0x00000000fc880000, 0x0000000100000000)
  eden space 328192K, 0% used [0x00000000e0000000,0x00000000e0000000,0x00000000f4080000)
  from space 46080K, 90% used [0x00000000f4080000,0x00000000f694dba0,0x00000000f6d80000)
  to   space 52736K, 0% used [0x00000000f9500000,0x00000000f9500000,0x00000000fc880000)
 ParOldGen       total 218112K, used 151750K [0x00000000a0000000, 0x00000000ad500000, 0x00000000e0000000)
  object space 218112K, 69% used [0x00000000a0000000,0x00000000a9431850,0x00000000ad500000)
 Metaspace       used 87011K, capacity 92024K, committed 92160K, reserved 1130496K
  class space    used 10724K, capacity 11768K, committed 11776K, reserved 1048576K
}
Event: 1201.929 GC heap before
{Heap before GC invocations=48 (full 4):
 PSYoungGen      total 374272K, used 369974K [0x00000000e0000000, 0x00000000fc880000, 0x0000000100000000)
  eden space 328192K, 100% used [0x00000000e0000000,0x00000000f4080000,0x00000000f4080000)
  from space 46080K, 90% used [0x00000000f4080000,0x00000000f694dba0,0x00000000f6d80000)
  to   space 52736K, 0% used [0x00000000f9500000,0x00000000f9500000,0x00000000fc880000)
 ParOldGen       total 218112K, used 151750K [0x00000000a0000000, 0x00000000ad500000, 0x00000000e0000000)
  object space 218112K, 69% used [0x00000000a0000000,0x00000000a9431850,0x00000000ad500000)
 Metaspace       used 87025K, capacity 92026K, committed 92160K, reserved 1130496K
  class space    used 10724K, capacity 11769K, committed 11776K, reserved 1048576K
Event: 1201.992 GC heap after
Heap after GC invocations=48 (full 4):
 PSYoungGen      total 390656K, used 52727K [0x00000000e0000000, 0x0000000100000000, 0x0000000100000000)
  eden space 337920K, 0% used [0x00000000e0000000,0x00000000e0000000,0x00000000f4a00000)
  from space 52736K, 99% used [0x00000000f9500000,0x00000000fc87dcd8,0x00000000fc880000)
  to   space 76800K, 0% used [0x00000000f4a00000,0x00000000f4a00000,0x00000000f9500000)
 ParOldGen       total 218112K, used 192103K [0x00000000a0000000, 0x00000000ad500000, 0x00000000e0000000)
  object space 218112K, 88% used [0x00000000a0000000,0x00000000abb99e30,0x00000000ad500000)
 Metaspace       used 87025K, capacity 92026K, committed 92160K, reserved 1130496K
  class space    used 10724K, capacity 11769K, committed 11776K, reserved 1048576K
}
Event: 1210.392 GC heap before
{Heap before GC invocations=49 (full 4):
 PSYoungGen      total 390656K, used 390647K [0x00000000e0000000, 0x0000000100000000, 0x0000000100000000)
  eden space 337920K, 100% used [0x00000000e0000000,0x00000000f4a00000,0x00000000f4a00000)
  from space 52736K, 99% used [0x00000000f9500000,0x00000000fc87dcd8,0x00000000fc880000)
  to   space 76800K, 0% used [0x00000000f4a00000,0x00000000f4a00000,0x00000000f9500000)
 ParOldGen       total 218112K, used 192103K [0x00000000a0000000, 0x00000000ad500000, 0x00000000e0000000)
  object space 218112K, 88% used [0x00000000a0000000,0x00000000abb99e30,0x00000000ad500000)
 Metaspace       used 87065K, capacity 92056K, committed 92288K, reserved 1130496K
  class space    used 10730K, capacity 11778K, committed 11904K, reserved 1048576K
Event: 1210.412 GC heap after
Heap after GC invocations=49 (full 4):
 PSYoungGen      total 414720K, used 23309K [0x00000000e0000000, 0x0000000100000000, 0x0000000100000000)
  eden space 337920K, 0% used [0x00000000e0000000,0x00000000e0000000,0x00000000f4a00000)
  from space 76800K, 30% used [0x00000000f4a00000,0x00000000f60c34e8,0x00000000f9500000)
  to   space 72192K, 0% used [0x00000000fb980000,0x00000000fb980000,0x0000000100000000)
 ParOldGen       total 218112K, used 194421K [0x00000000a0000000, 0x00000000ad500000, 0x00000000e0000000)
  object space 218112K, 89% used [0x00000000a0000000,0x00000000abddd530,0x00000000ad500000)
 Metaspace       used 87065K, capacity 92056K, committed 92288K, reserved 1130496K
  class space    used 10730K, capacity 11778K, committed 11904K, reserved 1048576K
}
Event: 1216.645 GC heap before
{Heap before GC invocations=50 (full 4):
 PSYoungGen      total 414720K, used 360910K [0x00000000e0000000, 0x0000000100000000, 0x0000000100000000)
  eden space 337920K, 99% used [0x00000000e0000000,0x00000000f49b0570,0x00000000f4a00000)
  from space 76800K, 30% used [0x00000000f4a00000,0x00000000f60c34e8,0x00000000f9500000)
  to   space 72192K, 0% used [0x00000000fb980000,0x00000000fb980000,0x0000000100000000)
 ParOldGen       total 218112K, used 194421K [0x00000000a0000000, 0x00000000ad500000, 0x00000000e0000000)
  object space 218112K, 89% used [0x00000000a0000000,0x00000000abddd530,0x00000000ad500000)
 Metaspace       used 87143K, capacity 92192K, committed 92544K, reserved 1130496K
  class space    used 10732K, capacity 11780K, committed 11904K, reserved 1048576K
Event: 1216.662 GC heap after
Heap after GC invocations=50 (full 4):
 PSYoungGen      total 436736K, used 17782K [0x00000000e0000000, 0x00000000ff580000, 0x0000000100000000)
  eden space 375296K, 0% used [0x00000000e0000000,0x00000000e0000000,0x00000000f6e80000)
  from space 61440K, 28% used [0x00000000fb980000,0x00000000fcadda68,0x00000000ff580000)
  to   space 69120K, 0% used [0x00000000f6e80000,0x00000000f6e80000,0x00000000fb200000)
 ParOldGen       total 218112K, used 199601K [0x00000000a0000000, 0x00000000ad500000, 0x00000000e0000000)
  object space 218112K, 91% used [0x00000000a0000000,0x00000000ac2ec5d0,0x00000000ad500000)
 Metaspace       used 87143K, capacity 92192K, committed 92544K, reserved 1130496K
  class space    used 10732K, capacity 11780K, committed 11904K, reserved 1048576K
}
Event: 1216.662 GC heap before
{Heap before GC invocations=51 (full 5):
 PSYoungGen      total 436736K, used 17782K [0x00000000e0000000, 0x00000000ff580000, 0x0000000100000000)
  eden space 375296K, 0% used [0x00000000e0000000,0x00000000e0000000,0x00000000f6e80000)
  from space 61440K, 28% used [0x00000000fb980000,0x00000000fcadda68,0x00000000ff580000)
  to   space 69120K, 0% used [0x00000000f6e80000,0x00000000f6e80000,0x00000000fb200000)
 ParOldGen       total 218112K, used 199601K [0x00000000a0000000, 0x00000000ad500000, 0x00000000e0000000)
  object space 218112K, 91% used [0x00000000a0000000,0x00000000ac2ec5d0,0x00000000ad500000)
 Metaspace       used 87143K, capacity 92192K, committed 92544K, reserved 1130496K
  class space    used 10732K, capacity 11780K, committed 11904K, reserved 1048576K
Event: 1216.889 GC heap after
Heap after GC invocations=51 (full 5):
 PSYoungGen      total 436736K, used 0K [0x00000000e0000000, 0x00000000ff580000, 0x0000000100000000)
  eden space 375296K, 0% used [0x00000000e0000000,0x00000000e0000000,0x00000000f6e80000)
  from space 61440K, 0% used [0x00000000fb980000,0x00000000fb980000,0x00000000ff580000)
  to   space 69120K, 0% used [0x00000000f6e80000,0x00000000f6e80000,0x00000000fb200000)
 ParOldGen       total 221184K, used 86461K [0x00000000a0000000, 0x00000000ad800000, 0x00000000e0000000)
  object space 221184K, 39% used [0x00000000a0000000,0x00000000a546f428,0x00000000ad800000)
 Metaspace       used 84892K, capacity 89700K, committed 92544K, reserved 1130496K
  class space    used 10496K, capacity 11455K, committed 11904K, reserved 1048576K
}

