# JRE version: OpenJDK Runtime Environment (8.0_152-b02) (build 1.8.0_152-release-1024-b02)
# Java VM: OpenJDK 64-Bit Server VM (25.152-b02 mixed mode windows-amd64 compressed oops)
Heap:
 PSYoungGen      total 102400K, used 8723K [0x00000000e0000000, 0x00000000ec180000, 0x0000000100000000)
  eden space 98304K, 4% used [0x00000000e0000000,0x00000000e0487df0,0x00000000e6000000)
  from space 4096K, 99% used [0x00000000e6000000,0x00000000e63fd010,0x00000000e6400000)
  to   space 13312K, 0% used [0x00000000eb480000,0x00000000eb480000,0x00000000ec180000)
 ParOldGen       total 46592K, used 16088K [0x00000000a0000000, 0x00000000a2d80000, 0x00000000e0000000)
  object space 46592K, 34% used [0x00000000a0000000,0x00000000a0fb6098,0x00000000a2d80000)
 Metaspace       used 28567K, capacity 29320K, committed 29568K, reserved 1075200K
  class space    used 3965K, capacity 4184K, committed 4224K, reserved 1048576K
GC Heap History (10 events):
Event: 4.013 GC heap before
{Heap before GC invocations=2 (full 0):
 PSYoungGen      total 28672K, used 28661K [0x00000000e0000000, 0x00000000e3800000, 0x0000000100000000)
  eden space 24576K, 100% used [0x00000000e0000000,0x00000000e1800000,0x00000000e1800000)
  from space 4096K, 99% used [0x00000000e1800000,0x00000000e1bfd460,0x00000000e1c00000)
  to   space 4096K, 0% used [0x00000000e3400000,0x00000000e3400000,0x00000000e3800000)
 ParOldGen       total 65536K, used 97K [0x00000000a0000000, 0x00000000a4000000, 0x00000000e0000000)
  object space 65536K, 0% used [0x00000000a0000000,0x00000000a00186e0,0x00000000a4000000)
 Metaspace       used 8359K, capacity 8594K, committed 8832K, reserved 1056768K
  class space    used 1055K, capacity 1145K, committed 1152K, reserved 1048576K
Event: 4.062 GC heap after
Heap after GC invocations=2 (full 0):
 PSYoungGen      total 53248K, used 3766K [0x00000000e0000000, 0x00000000e3800000, 0x0000000100000000)
  eden space 49152K, 0% used [0x00000000e0000000,0x00000000e0000000,0x00000000e3000000)
  from space 4096K, 91% used [0x00000000e3400000,0x00000000e37ada48,0x00000000e3800000)
  to   space 4096K, 0% used [0x00000000e3000000,0x00000000e3000000,0x00000000e3400000)
 ParOldGen       total 65536K, used 105K [0x00000000a0000000, 0x00000000a4000000, 0x00000000e0000000)
  object space 65536K, 0% used [0x00000000a0000000,0x00000000a001a6e0,0x00000000a4000000)
 Metaspace       used 8359K, capacity 8594K, committed 8832K, reserved 1056768K
  class space    used 1055K, capacity 1145K, committed 1152K, reserved 1048576K
}
Event: 13.638 GC heap before
{Heap before GC invocations=3 (full 0):
 PSYoungGen      total 53248K, used 52918K [0x00000000e0000000, 0x00000000e3800000, 0x0000000100000000)
  eden space 49152K, 100% used [0x00000000e0000000,0x00000000e3000000,0x00000000e3000000)
  from space 4096K, 91% used [0x00000000e3400000,0x00000000e37ada48,0x00000000e3800000)
  to   space 4096K, 0% used [0x00000000e3000000,0x00000000e3000000,0x00000000e3400000)
 ParOldGen       total 65536K, used 105K [0x00000000a0000000, 0x00000000a4000000, 0x00000000e0000000)
  object space 65536K, 0% used [0x00000000a0000000,0x00000000a001a6e0,0x00000000a4000000)
 Metaspace       used 15152K, capacity 15540K, committed 15616K, reserved 1062912K
  class space    used 2135K, capacity 2254K, committed 2304K, reserved 1048576K
Event: 13.749 GC heap after
Heap after GC invocations=3 (full 0):
 PSYoungGen      total 53248K, used 4072K [0x00000000e0000000, 0x00000000e6800000, 0x0000000100000000)
  eden space 49152K, 0% used [0x00000000e0000000,0x00000000e0000000,0x00000000e3000000)
  from space 4096K, 99% used [0x00000000e3000000,0x00000000e33fa040,0x00000000e3400000)
  to   space 4096K, 0% used [0x00000000e6400000,0x00000000e6400000,0x00000000e6800000)
 ParOldGen       total 65536K, used 5266K [0x00000000a0000000, 0x00000000a4000000, 0x00000000e0000000)
  object space 65536K, 8% used [0x00000000a0000000,0x00000000a0524888,0x00000000a4000000)
 Metaspace       used 15152K, capacity 15540K, committed 15616K, reserved 1062912K
  class space    used 2135K, capacity 2254K, committed 2304K, reserved 1048576K
}
Event: 24.350 GC heap before
{Heap before GC invocations=4 (full 0):
 PSYoungGen      total 53248K, used 35194K [0x00000000e0000000, 0x00000000e6800000, 0x0000000100000000)
  eden space 49152K, 63% used [0x00000000e0000000,0x00000000e1e64920,0x00000000e3000000)
  from space 4096K, 99% used [0x00000000e3000000,0x00000000e33fa040,0x00000000e3400000)
  to   space 4096K, 0% used [0x00000000e6400000,0x00000000e6400000,0x00000000e6800000)
 ParOldGen       total 65536K, used 5266K [0x00000000a0000000, 0x00000000a4000000, 0x00000000e0000000)
  object space 65536K, 8% used [0x00000000a0000000,0x00000000a0524888,0x00000000a4000000)
 Metaspace       used 20587K, capacity 21102K, committed 21248K, reserved 1067008K
  class space    used 2847K, capacity 3010K, committed 3072K, reserved 1048576K
Event: 24.375 GC heap after
Heap after GC invocations=4 (full 0):
 PSYoungGen      total 102400K, used 4072K [0x00000000e0000000, 0x00000000e6800000, 0x0000000100000000)
  eden space 98304K, 0% used [0x00000000e0000000,0x00000000e0000000,0x00000000e6000000)
  from space 4096K, 99% used [0x00000000e6400000,0x00000000e67fa050,0x00000000e6800000)
  to   space 4096K, 0% used [0x00000000e6000000,0x00000000e6000000,0x00000000e6400000)
 ParOldGen       total 65536K, used 10130K [0x00000000a0000000, 0x00000000a4000000, 0x00000000e0000000)
  object space 65536K, 15% used [0x00000000a0000000,0x00000000a09e4b10,0x00000000a4000000)
 Metaspace       used 20587K, capacity 21102K, committed 21248K, reserved 1067008K
  class space    used 2847K, capacity 3010K, committed 3072K, reserved 1048576K
}
Event: 24.375 GC heap before
{Heap before GC invocations=5 (full 1):
 PSYoungGen      total 102400K, used 4072K [0x00000000e0000000, 0x00000000e6800000, 0x0000000100000000)
  eden space 98304K, 0% used [0x00000000e0000000,0x00000000e0000000,0x00000000e6000000)
  from space 4096K, 99% used [0x00000000e6400000,0x00000000e67fa050,0x00000000e6800000)
  to   space 4096K, 0% used [0x00000000e6000000,0x00000000e6000000,0x00000000e6400000)
 ParOldGen       total 65536K, used 10130K [0x00000000a0000000, 0x00000000a4000000, 0x00000000e0000000)
  object space 65536K, 15% used [0x00000000a0000000,0x00000000a09e4b10,0x00000000a4000000)
 Metaspace       used 20587K, capacity 21102K, committed 21248K, reserved 1067008K
  class space    used 2847K, capacity 3010K, committed 3072K, reserved 1048576K
Event: 24.478 GC heap after
Heap after GC invocations=5 (full 1):
 PSYoungGen      total 102400K, used 0K [0x00000000e0000000, 0x00000000e6800000, 0x0000000100000000)
  eden space 98304K, 0% used [0x00000000e0000000,0x00000000e0000000,0x00000000e6000000)
  from space 4096K, 0% used [0x00000000e6400000,0x00000000e6400000,0x00000000e6800000)
  to   space 4096K, 0% used [0x00000000e6000000,0x00000000e6000000,0x00000000e6400000)
 ParOldGen       total 46592K, used 9396K [0x00000000a0000000, 0x00000000a2d80000, 0x00000000e0000000)
  object space 46592K, 20% used [0x00000000a0000000,0x00000000a092d290,0x00000000a2d80000)
 Metaspace       used 20587K, capacity 21102K, committed 21248K, reserved 1067008K
  class space    used 2847K, capacity 3010K, committed 3072K, reserved 1048576K
}
Event: 48.439 GC heap before
{Heap before GC invocations=6 (full 1):
 PSYoungGen      total 102400K, used 98304K [0x00000000e0000000, 0x00000000e6800000, 0x0000000100000000)
  eden space 98304K, 100% used [0x00000000e0000000,0x00000000e6000000,0x00000000e6000000)
  from space 4096K, 0% used [0x00000000e6400000,0x00000000e6400000,0x00000000e6800000)
  to   space 4096K, 0% used [0x00000000e6000000,0x00000000e6000000,0x00000000e6400000)
 ParOldGen       total 46592K, used 9396K [0x00000000a0000000, 0x00000000a2d80000, 0x00000000e0000000)
  object space 46592K, 20% used [0x00000000a0000000,0x00000000a092d290,0x00000000a2d80000)
 Metaspace       used 28370K, capacity 29096K, committed 29312K, reserved 1075200K
  class space    used 3928K, capacity 4152K, committed 4224K, reserved 1048576K
Event: 48.466 GC heap after
Heap after GC invocations=6 (full 1):
 PSYoungGen      total 102400K, used 4084K [0x00000000e0000000, 0x00000000ec180000, 0x0000000100000000)
  eden space 98304K, 0% used [0x00000000e0000000,0x00000000e0000000,0x00000000e6000000)
  from space 4096K, 99% used [0x00000000e6000000,0x00000000e63fd010,0x00000000e6400000)
  to   space 13312K, 0% used [0x00000000eb480000,0x00000000eb480000,0x00000000ec180000)
 ParOldGen       total 46592K, used 16088K [0x00000000a0000000, 0x00000000a2d80000, 0x00000000e0000000)
  object space 46592K, 34% used [0x00000000a0000000,0x00000000a0fb6098,0x00000000a2d80000)
 Metaspace       used 28370K, capacity 29096K, committed 29312K, reserved 1075200K
  class space    used 3928K, capacity 4152K, committed 4224K, reserved 1048576K
}

