# JRE version: OpenJDK Runtime Environment (8.0_152-b02) (build 1.8.0_152-release-1024-b02)
# Java VM: OpenJDK 64-Bit Server VM (25.152-b02 mixed mode windows-amd64 compressed oops)
Heap:
 PSYoungGen      total 398336K, used 42938K [0x00000000e0000000, 0x0000000100000000, 0x0000000100000000)
  eden space 321536K, 13% used [0x00000000e0000000,0x00000000e29e68b0,0x00000000f3a00000)
  from space 76800K, 0% used [0x00000000f3a00000,0x00000000f3a08000,0x00000000f8500000)
  to   space 77312K, 0% used [0x00000000fb480000,0x00000000fb480000,0x0000000100000000)
 ParOldGen       total 220160K, used 134751K [0x00000000a0000000, 0x00000000ad700000, 0x00000000e0000000)
  object space 220160K, 61% used [0x00000000a0000000,0x00000000a8397e08,0x00000000ad700000)
 Metaspace       used 68262K, capacity 70440K, committed 70744K, reserved 1110016K
  class space    used 8769K, capacity 9277K, committed 9344K, reserved 1048576K
GC Heap History (10 events):
Event: 59.398 GC heap before
{Heap before GC invocations=23 (full 3):
 PSYoungGen      total 254464K, used 252934K [0x00000000e0000000, 0x00000000f9d80000, 0x0000000100000000)
  eden space 191488K, 99% used [0x00000000e0000000,0x00000000eb989830,0x00000000ebb00000)
  from space 62976K, 99% used [0x00000000ebb00000,0x00000000ef878278,0x00000000ef880000)
  to   space 86016K, 0% used [0x00000000f4980000,0x00000000f4980000,0x00000000f9d80000)
 ParOldGen       total 149504K, used 100873K [0x00000000a0000000, 0x00000000a9200000, 0x00000000e0000000)
  object space 149504K, 67% used [0x00000000a0000000,0x00000000a6282790,0x00000000a9200000)
 Metaspace       used 66961K, capacity 69120K, committed 69464K, reserved 1110016K
  class space    used 8548K, capacity 9067K, committed 9088K, reserved 1048576K
Event: 59.432 GC heap after
Heap after GC invocations=23 (full 3):
 PSYoungGen      total 325120K, used 34555K [0x00000000e0000000, 0x00000000f9300000, 0x0000000100000000)
  eden space 249856K, 0% used [0x00000000e0000000,0x00000000e0000000,0x00000000ef400000)
  from space 75264K, 45% used [0x00000000f4980000,0x00000000f6b3ef78,0x00000000f9300000)
  to   space 81408K, 0% used [0x00000000ef400000,0x00000000ef400000,0x00000000f4380000)
 ParOldGen       total 149504K, used 117138K [0x00000000a0000000, 0x00000000a9200000, 0x00000000e0000000)
  object space 149504K, 78% used [0x00000000a0000000,0x00000000a7264980,0x00000000a9200000)
 Metaspace       used 66961K, capacity 69120K, committed 69464K, reserved 1110016K
  class space    used 8548K, capacity 9067K, committed 9088K, reserved 1048576K
}
Event: 60.888 GC heap before
{Heap before GC invocations=24 (full 3):
 PSYoungGen      total 325120K, used 284411K [0x00000000e0000000, 0x00000000f9300000, 0x0000000100000000)
  eden space 249856K, 100% used [0x00000000e0000000,0x00000000ef400000,0x00000000ef400000)
  from space 75264K, 45% used [0x00000000f4980000,0x00000000f6b3ef78,0x00000000f9300000)
  to   space 81408K, 0% used [0x00000000ef400000,0x00000000ef400000,0x00000000f4380000)
 ParOldGen       total 149504K, used 117205K [0x00000000a0000000, 0x00000000a9200000, 0x00000000e0000000)
  object space 149504K, 78% used [0x00000000a0000000,0x00000000a7275750,0x00000000a9200000)
 Metaspace       used 68114K, capacity 70396K, committed 70744K, reserved 1110016K
  class space    used 8697K, capacity 9251K, committed 9344K, reserved 1048576K
Event: 60.908 GC heap after
Heap after GC invocations=24 (full 3):
 PSYoungGen      total 331264K, used 27156K [0x00000000e0000000, 0x00000000fd200000, 0x0000000100000000)
  eden space 249856K, 0% used [0x00000000e0000000,0x00000000e0000000,0x00000000ef400000)
  from space 81408K, 33% used [0x00000000ef400000,0x00000000f0e85110,0x00000000f4380000)
  to   space 77312K, 0% used [0x00000000f8680000,0x00000000f8680000,0x00000000fd200000)
 ParOldGen       total 149504K, used 131973K [0x00000000a0000000, 0x00000000a9200000, 0x00000000e0000000)
  object space 149504K, 88% used [0x00000000a0000000,0x00000000a80e1508,0x00000000a9200000)
 Metaspace       used 68114K, capacity 70396K, committed 70744K, reserved 1110016K
  class space    used 8697K, capacity 9251K, committed 9344K, reserved 1048576K
}
Event: 60.908 GC heap before
{Heap before GC invocations=25 (full 4):
 PSYoungGen      total 331264K, used 27156K [0x00000000e0000000, 0x00000000fd200000, 0x0000000100000000)
  eden space 249856K, 0% used [0x00000000e0000000,0x00000000e0000000,0x00000000ef400000)
  from space 81408K, 33% used [0x00000000ef400000,0x00000000f0e85110,0x00000000f4380000)
  to   space 77312K, 0% used [0x00000000f8680000,0x00000000f8680000,0x00000000fd200000)
 ParOldGen       total 149504K, used 131973K [0x00000000a0000000, 0x00000000a9200000, 0x00000000e0000000)
  object space 149504K, 88% used [0x00000000a0000000,0x00000000a80e1508,0x00000000a9200000)
 Metaspace       used 68114K, capacity 70396K, committed 70744K, reserved 1110016K
  class space    used 8697K, capacity 9251K, committed 9344K, reserved 1048576K
Event: 61.050 GC heap after
Heap after GC invocations=25 (full 4):
 PSYoungGen      total 331264K, used 0K [0x00000000e0000000, 0x00000000fd200000, 0x0000000100000000)
  eden space 249856K, 0% used [0x00000000e0000000,0x00000000e0000000,0x00000000ef400000)
  from space 81408K, 0% used [0x00000000ef400000,0x00000000ef400000,0x00000000f4380000)
  to   space 77312K, 0% used [0x00000000f8680000,0x00000000f8680000,0x00000000fd200000)
 ParOldGen       total 220160K, used 67964K [0x00000000a0000000, 0x00000000ad700000, 0x00000000e0000000)
  object space 220160K, 30% used [0x00000000a0000000,0x00000000a425f340,0x00000000ad700000)
 Metaspace       used 67344K, capacity 69490K, committed 70744K, reserved 1110016K
  class space    used 8609K, capacity 9126K, committed 9344K, reserved 1048576K
}
Event: 61.293 GC heap before
{Heap before GC invocations=26 (full 4):
 PSYoungGen      total 331264K, used 249451K [0x00000000e0000000, 0x00000000fd200000, 0x0000000100000000)
  eden space 249856K, 99% used [0x00000000e0000000,0x00000000ef39af18,0x00000000ef400000)
  from space 81408K, 0% used [0x00000000ef400000,0x00000000ef400000,0x00000000f4380000)
  to   space 77312K, 0% used [0x00000000f8680000,0x00000000f8680000,0x00000000fd200000)
 ParOldGen       total 220160K, used 129405K [0x00000000a0000000, 0x00000000ad700000, 0x00000000e0000000)
  object space 220160K, 58% used [0x00000000a0000000,0x00000000a7e5f700,0x00000000ad700000)
 Metaspace       used 67647K, capacity 69836K, committed 70744K, reserved 1110016K
  class space    used 8648K, capacity 9169K, committed 9344K, reserved 1048576K
Event: 61.297 GC heap after
Heap after GC invocations=26 (full 4):
 PSYoungGen      total 396800K, used 6733K [0x00000000e0000000, 0x00000000fd000000, 0x0000000100000000)
  eden space 321536K, 0% used [0x00000000e0000000,0x00000000e0000000,0x00000000f3a00000)
  from space 75264K, 8% used [0x00000000f8680000,0x00000000f8d13708,0x00000000fd000000)
  to   space 76800K, 0% used [0x00000000f3a00000,0x00000000f3a00000,0x00000000f8500000)
 ParOldGen       total 220160K, used 129413K [0x00000000a0000000, 0x00000000ad700000, 0x00000000e0000000)
  object space 220160K, 58% used [0x00000000a0000000,0x00000000a7e61700,0x00000000ad700000)
 Metaspace       used 67647K, capacity 69836K, committed 70744K, reserved 1110016K
  class space    used 8648K, capacity 9169K, committed 9344K, reserved 1048576K
}
Event: 61.375 GC heap before
{Heap before GC invocations=27 (full 4):
 PSYoungGen      total 396800K, used 327984K [0x00000000e0000000, 0x00000000fd000000, 0x0000000100000000)
  eden space 321536K, 99% used [0x00000000e0000000,0x00000000f39b8b50,0x00000000f3a00000)
  from space 75264K, 8% used [0x00000000f8680000,0x00000000f8d13708,0x00000000fd000000)
  to   space 76800K, 0% used [0x00000000f3a00000,0x00000000f3a00000,0x00000000f8500000)
 ParOldGen       total 220160K, used 129413K [0x00000000a0000000, 0x00000000ad700000, 0x00000000e0000000)
  object space 220160K, 58% used [0x00000000a0000000,0x00000000a7e61700,0x00000000ad700000)
 Metaspace       used 67653K, capacity 69836K, committed 70744K, reserved 1110016K
  class space    used 8648K, capacity 9169K, committed 9344K, reserved 1048576K
Event: 61.378 GC heap after
Heap after GC invocations=27 (full 4):
 PSYoungGen      total 398336K, used 32K [0x00000000e0000000, 0x0000000100000000, 0x0000000100000000)
  eden space 321536K, 0% used [0x00000000e0000000,0x00000000e0000000,0x00000000f3a00000)
  from space 76800K, 0% used [0x00000000f3a00000,0x00000000f3a08000,0x00000000f8500000)
  to   space 77312K, 0% used [0x00000000fb480000,0x00000000fb480000,0x0000000100000000)
 ParOldGen       total 220160K, used 134751K [0x00000000a0000000, 0x00000000ad700000, 0x00000000e0000000)
  object space 220160K, 61% used [0x00000000a0000000,0x00000000a8397e08,0x00000000ad700000)
 Metaspace       used 67653K, capacity 69836K, committed 70744K, reserved 1110016K
  class space    used 8648K, capacity 9169K, committed 9344K, reserved 1048576K
}

