# JRE version: OpenJDK Runtime Environment (8.0_152-b02) (build 1.8.0_152-release-1024-b02)
# Java VM: OpenJDK 64-Bit Server VM (25.152-b02 mixed mode windows-amd64 compressed oops)
Heap:
 PSYoungGen      total 96256K, used 76033K [0x00000000e0000000, 0x00000000e7380000, 0x0000000100000000)
  eden space 86016K, 78% used [0x00000000e0000000,0x00000000e42006b8,0x00000000e5400000)
  from space 10240K, 82% used [0x00000000e5400000,0x00000000e5c3feb8,0x00000000e5e00000)
  to   space 10752K, 0% used [0x00000000e6900000,0x00000000e6900000,0x00000000e7380000)
 ParOldGen       total 97792K, used 42211K [0x00000000a0000000, 0x00000000a5f80000, 0x00000000e0000000)
  object space 97792K, 43% used [0x00000000a0000000,0x00000000a2938c88,0x00000000a5f80000)
 Metaspace       used 64337K, capacity 66826K, committed 67160K, reserved 1107968K
  class space    used 8467K, capacity 9060K, committed 9088K, reserved 1048576K
GC Heap History (10 events):
Event: 55.712 GC heap before
{Heap before GC invocations=20 (full 2):
 PSYoungGen      total 66048K, used 61376K [0x00000000e0000000, 0x00000000e5580000, 0x0000000100000000)
  eden space 57344K, 100% used [0x00000000e0000000,0x00000000e3800000,0x00000000e3800000)
  from space 8704K, 46% used [0x00000000e3800000,0x00000000e3bf02b8,0x00000000e4080000)
  to   space 8192K, 0% used [0x00000000e4d80000,0x00000000e4d80000,0x00000000e5580000)
 ParOldGen       total 56320K, used 24986K [0x00000000a0000000, 0x00000000a3700000, 0x00000000e0000000)
  object space 56320K, 44% used [0x00000000a0000000,0x00000000a18669f0,0x00000000a3700000)
 Metaspace       used 53491K, capacity 55198K, committed 55512K, reserved 1097728K
  class space    used 7173K, capacity 7609K, committed 7680K, reserved 1048576K
Event: 55.725 GC heap after
Heap after GC invocations=20 (full 2):
 PSYoungGen      total 78336K, used 5539K [0x00000000e0000000, 0x00000000e5500000, 0x0000000100000000)
  eden space 70656K, 0% used [0x00000000e0000000,0x00000000e0000000,0x00000000e4500000)
  from space 7680K, 72% used [0x00000000e4d80000,0x00000000e52e8f90,0x00000000e5500000)
  to   space 8192K, 0% used [0x00000000e4500000,0x00000000e4500000,0x00000000e4d00000)
 ParOldGen       total 56320K, used 26179K [0x00000000a0000000, 0x00000000a3700000, 0x00000000e0000000)
  object space 56320K, 46% used [0x00000000a0000000,0x00000000a1990c00,0x00000000a3700000)
 Metaspace       used 53491K, capacity 55198K, committed 55512K, reserved 1097728K
  class space    used 7173K, capacity 7609K, committed 7680K, reserved 1048576K
}
Event: 58.809 GC heap before
{Heap before GC invocations=21 (full 2):
 PSYoungGen      total 78336K, used 76195K [0x00000000e0000000, 0x00000000e5500000, 0x0000000100000000)
  eden space 70656K, 100% used [0x00000000e0000000,0x00000000e4500000,0x00000000e4500000)
  from space 7680K, 72% used [0x00000000e4d80000,0x00000000e52e8f90,0x00000000e5500000)
  to   space 8192K, 0% used [0x00000000e4500000,0x00000000e4500000,0x00000000e4d00000)
 ParOldGen       total 56320K, used 26179K [0x00000000a0000000, 0x00000000a3700000, 0x00000000e0000000)
  object space 56320K, 46% used [0x00000000a0000000,0x00000000a1990c00,0x00000000a3700000)
 Metaspace       used 56193K, capacity 58028K, committed 58328K, reserved 1099776K
  class space    used 7590K, capacity 8069K, committed 8192K, reserved 1048576K
Event: 58.832 GC heap after
Heap after GC invocations=21 (full 2):
 PSYoungGen      total 78848K, used 7455K [0x00000000e0000000, 0x00000000e6700000, 0x0000000100000000)
  eden space 70656K, 0% used [0x00000000e0000000,0x00000000e0000000,0x00000000e4500000)
  from space 8192K, 91% used [0x00000000e4500000,0x00000000e4c47fa8,0x00000000e4d00000)
  to   space 9216K, 0% used [0x00000000e5e00000,0x00000000e5e00000,0x00000000e6700000)
 ParOldGen       total 56320K, used 28686K [0x00000000a0000000, 0x00000000a3700000, 0x00000000e0000000)
  object space 56320K, 50% used [0x00000000a0000000,0x00000000a1c03970,0x00000000a3700000)
 Metaspace       used 56193K, capacity 58028K, committed 58328K, reserved 1099776K
  class space    used 7590K, capacity 8069K, committed 8192K, reserved 1048576K
}
Event: 60.708 GC heap before
{Heap before GC invocations=22 (full 2):
 PSYoungGen      total 78848K, used 78111K [0x00000000e0000000, 0x00000000e6700000, 0x0000000100000000)
  eden space 70656K, 100% used [0x00000000e0000000,0x00000000e4500000,0x00000000e4500000)
  from space 8192K, 91% used [0x00000000e4500000,0x00000000e4c47fa8,0x00000000e4d00000)
  to   space 9216K, 0% used [0x00000000e5e00000,0x00000000e5e00000,0x00000000e6700000)
 ParOldGen       total 56320K, used 28686K [0x00000000a0000000, 0x00000000a3700000, 0x00000000e0000000)
  object space 56320K, 50% used [0x00000000a0000000,0x00000000a1c03970,0x00000000a3700000)
 Metaspace       used 56942K, capacity 58866K, committed 58968K, reserved 1099776K
  class space    used 7705K, capacity 8224K, committed 8320K, reserved 1048576K
Event: 60.748 GC heap after
Heap after GC invocations=22 (full 2):
 PSYoungGen      total 95232K, used 9111K [0x00000000e0000000, 0x00000000e6b80000, 0x0000000100000000)
  eden space 86016K, 0% used [0x00000000e0000000,0x00000000e0000000,0x00000000e5400000)
  from space 9216K, 98% used [0x00000000e5e00000,0x00000000e66e5e60,0x00000000e6700000)
  to   space 10240K, 0% used [0x00000000e5400000,0x00000000e5400000,0x00000000e5e00000)
 ParOldGen       total 56320K, used 34396K [0x00000000a0000000, 0x00000000a3700000, 0x00000000e0000000)
  object space 56320K, 61% used [0x00000000a0000000,0x00000000a21971f0,0x00000000a3700000)
 Metaspace       used 56942K, capacity 58866K, committed 58968K, reserved 1099776K
  class space    used 7705K, capacity 8224K, committed 8320K, reserved 1048576K
}
Event: 60.748 GC heap before
{Heap before GC invocations=23 (full 3):
 PSYoungGen      total 95232K, used 9111K [0x00000000e0000000, 0x00000000e6b80000, 0x0000000100000000)
  eden space 86016K, 0% used [0x00000000e0000000,0x00000000e0000000,0x00000000e5400000)
  from space 9216K, 98% used [0x00000000e5e00000,0x00000000e66e5e60,0x00000000e6700000)
  to   space 10240K, 0% used [0x00000000e5400000,0x00000000e5400000,0x00000000e5e00000)
 ParOldGen       total 56320K, used 34396K [0x00000000a0000000, 0x00000000a3700000, 0x00000000e0000000)
  object space 56320K, 61% used [0x00000000a0000000,0x00000000a21971f0,0x00000000a3700000)
 Metaspace       used 56942K, capacity 58866K, committed 58968K, reserved 1099776K
  class space    used 7705K, capacity 8224K, committed 8320K, reserved 1048576K
Event: 61.593 GC heap after
Heap after GC invocations=23 (full 3):
 PSYoungGen      total 95232K, used 0K [0x00000000e0000000, 0x00000000e6b80000, 0x0000000100000000)
  eden space 86016K, 0% used [0x00000000e0000000,0x00000000e0000000,0x00000000e5400000)
  from space 9216K, 0% used [0x00000000e5e00000,0x00000000e5e00000,0x00000000e6700000)
  to   space 10240K, 0% used [0x00000000e5400000,0x00000000e5400000,0x00000000e5e00000)
 ParOldGen       total 97792K, used 42203K [0x00000000a0000000, 0x00000000a5f80000, 0x00000000e0000000)
  object space 97792K, 43% used [0x00000000a0000000,0x00000000a2936c88,0x00000000a5f80000)
 Metaspace       used 56942K, capacity 58866K, committed 58968K, reserved 1099776K
  class space    used 7705K, capacity 8224K, committed 8320K, reserved 1048576K
}
Event: 99.903 GC heap before
{Heap before GC invocations=24 (full 3):
 PSYoungGen      total 95232K, used 86016K [0x00000000e0000000, 0x00000000e6b80000, 0x0000000100000000)
  eden space 86016K, 100% used [0x00000000e0000000,0x00000000e5400000,0x00000000e5400000)
  from space 9216K, 0% used [0x00000000e5e00000,0x00000000e5e00000,0x00000000e6700000)
  to   space 10240K, 0% used [0x00000000e5400000,0x00000000e5400000,0x00000000e5e00000)
 ParOldGen       total 97792K, used 42203K [0x00000000a0000000, 0x00000000a5f80000, 0x00000000e0000000)
  object space 97792K, 43% used [0x00000000a0000000,0x00000000a2936c88,0x00000000a5f80000)
 Metaspace       used 62341K, capacity 64812K, committed 64856K, reserved 1105920K
  class space    used 8210K, capacity 8799K, committed 8832K, reserved 1048576K
Event: 99.915 GC heap after
Heap after GC invocations=24 (full 3):
 PSYoungGen      total 96256K, used 8447K [0x00000000e0000000, 0x00000000e7380000, 0x0000000100000000)
  eden space 86016K, 0% used [0x00000000e0000000,0x00000000e0000000,0x00000000e5400000)
  from space 10240K, 82% used [0x00000000e5400000,0x00000000e5c3feb8,0x00000000e5e00000)
  to   space 10752K, 0% used [0x00000000e6900000,0x00000000e6900000,0x00000000e7380000)
 ParOldGen       total 97792K, used 42211K [0x00000000a0000000, 0x00000000a5f80000, 0x00000000e0000000)
  object space 97792K, 43% used [0x00000000a0000000,0x00000000a2938c88,0x00000000a5f80000)
 Metaspace       used 62341K, capacity 64812K, committed 64856K, reserved 1105920K
  class space    used 8210K, capacity 8799K, committed 8832K, reserved 1048576K
}

